<?xml version="1.0" encoding="UTF-8"?>
<!-- Generated by org.testng.reporters.JUnitXMLReporter -->
<testsuite hostname="DESKTOP-QNHJ5Q7" name="RestAssured" tests="4" failures="0" timestamp="10 Nov 2022 07:43:40 GMT" time="2.967" errors="0">
  <testcase name="verifyTransferEncoding" time="0.008" classname="restAssured.TC_01_ListUsers"/>
  <testcase name="verifyContentType" time="0.001" classname="restAssured.TC_01_ListUsers"/>
  <testcase name="verifyStatusCode" time="0.002" classname="restAssured.TC_01_ListUsers"/>
  <testcase name="verifyListUsers" time="0.131" classname="restAssured.TC_01_ListUsers"/>
</testsuite> <!-- RestAssured -->
