<?xml version="1.0" encoding="UTF-8"?>
<testsuite xmlns:xsi="http://www.w3.org/2001/XMLSchema-instance" xsi:noNamespaceSchemaLocation="https://maven.apache.org/surefire/maven-surefire-plugin/xsd/surefire-test-report-3.0.xsd" version="3.0" name="TestSuite" time="4.75" tests="4" errors="0" skipped="0" failures="0">
  <properties>
[...]
</properties>
  <testcase name="verifyListUsers" classname="restAssured.TC_01_ListUsers" time="0.013">
    <system-out><![CDATA[[DEBUG] Get connection for route {s}->https://reqres.in:443
[DEBUG] Connecting to reqres.in:443
[DEBUG] CookieSpec selected: ignoreCookies
[DEBUG] Auth cache not set in the context
[DEBUG] Target auth state: UNCHALLENGED
[DEBUG] Proxy auth state: UNCHALLENGED
[DEBUG] Attempt 1 to execute request
[DEBUG] Sending request: GET /api/users?page=2 HTTP/1.1
[DEBUG]  >> "GET /api/users?page=2 HTTP/1.1[\r][\n]"
[DEBUG]  >> "Accept: */*[\r][\n]"
[DEBUG]  >> "Host: reqres.in[\r][\n]"
[DEBUG]  >> "Connection: Keep-Alive[\r][\n]"
[DEBUG]  >> "User-Agent: Apache-HttpClient/4.5.13 (Java/1.8.0_333)[\r][\n]"
[DEBUG]  >> "Accept-Encoding: gzip,deflate[\r][\n]"
[DEBUG]  >> "[\r][\n]"
[DEBUG] >> GET /api/users?page=2 HTTP/1.1
[DEBUG] >> Accept: */*
[DEBUG] >> Host: reqres.in
[DEBUG] >> Connection: Keep-Alive
[DEBUG] >> User-Agent: Apache-HttpClient/4.5.13 (Java/1.8.0_333)
[DEBUG] >> Accept-Encoding: gzip,deflate
[DEBUG]  << "HTTP/1.1 200 OK[\r][\n]"
[DEBUG]  << "Date: Thu, 10 Nov 2022 08:00:44 GMT[\r][\n]"
[DEBUG]  << "Content-Type: application/json; charset=utf-8[\r][\n]"
[DEBUG]  << "Transfer-Encoding: chunked[\r][\n]"
[DEBUG]  << "Connection: keep-alive[\r][\n]"
[DEBUG]  << "X-Powered-By: Express[\r][\n]"
[DEBUG]  << "Access-Control-Allow-Origin: *[\r][\n]"
[DEBUG]  << "Etag: W/"406-ut0vzoCuidvyMf8arZpMpJ6ZRDw"[\r][\n]"
[DEBUG]  << "Via: 1.1 vegur[\r][\n]"
[DEBUG]  << "Cache-Control: max-age=14400[\r][\n]"
[DEBUG]  << "CF-Cache-Status: HIT[\r][\n]"
[DEBUG]  << "Age: 3565[\r][\n]"
[DEBUG]  << "Report-To: {"endpoints":[{"url":"https:\/\/a.nel.cloudflare.com\/report\/v3?s=NQH8p6VgKxoZRZgRYN2GP3QrwxQwMBQgQ48dyma3u6z6OqevygvPWFl4LJ1o503oRwSBoLQsgpAUCJTRKaUkaGiknpNIY2yIkOi22x5295uHhiF%2FGcei8T4BLw%3D%3D"}],"group":"cf-nel","max_age":604800}[\r][\n]"
[DEBUG]  << "NEL: {"success_fraction":0,"report_to":"cf-nel","max_age":604800}[\r][\n]"
[DEBUG]  << "Vary: Accept-Encoding[\r][\n]"
[DEBUG]  << "Server: cloudflare[\r][\n]"
[DEBUG]  << "CF-RAY: 767d41975e554dc8-SIN[\r][\n]"
[DEBUG]  << "Content-Encoding: gzip[\r][\n]"
[DEBUG]  << "[\r][\n]"
[DEBUG] Receiving response: HTTP/1.1 200 OK
[DEBUG] << HTTP/1.1 200 OK
[DEBUG] << Date: Thu, 10 Nov 2022 08:00:44 GMT
[DEBUG] << Content-Type: application/json; charset=utf-8
[DEBUG] << Transfer-Encoding: chunked
[DEBUG] << Connection: keep-alive
[DEBUG] << X-Powered-By: Express
[DEBUG] << Access-Control-Allow-Origin: *
[DEBUG] << Etag: W/"406-ut0vzoCuidvyMf8arZpMpJ6ZRDw"
[DEBUG] << Via: 1.1 vegur
[DEBUG] << Cache-Control: max-age=14400
[DEBUG] << CF-Cache-Status: HIT
[DEBUG] << Age: 3565
[DEBUG] << Report-To: {"endpoints":[{"url":"https:\/\/a.nel.cloudflare.com\/report\/v3?s=NQH8p6VgKxoZRZgRYN2GP3QrwxQwMBQgQ48dyma3u6z6OqevygvPWFl4LJ1o503oRwSBoLQsgpAUCJTRKaUkaGiknpNIY2yIkOi22x5295uHhiF%2FGcei8T4BLw%3D%3D"}],"group":"cf-nel","max_age":604800}
[DEBUG] << NEL: {"success_fraction":0,"report_to":"cf-nel","max_age":604800}
[DEBUG] << Vary: Accept-Encoding
[DEBUG] << Server: cloudflare
[DEBUG] << CF-RAY: 767d41975e554dc8-SIN
[DEBUG] << Content-Encoding: gzip
[DEBUG] Connection can be kept alive indefinitely
[DEBUG] Parsing response as: application/json; charset=utf-8
[DEBUG]  << "17b[\r][\n]"
[DEBUG]  << "[0x1f][0x8b][0x8][0x0][0x0][0x0][0x0][0x0][0x0][0x3][0x8d][0xd2][0xcd]n[0xa3]0[0x14][0x86][0xe1][q[0xcf]l](Y[0xf4][0xc7][0xab][0xaa][0xd2][0xcc]t[0xd1]n[0xa2][0xd9]U[0xa3][0xea][0x4][0xe][0xe0][0xd6][0xd8][0xee][0xb1]i[0xa6][0x8a]r[0xef]UM4T[0x88]D[0xec][0x0][0xbf][0x1f]z[0x84][0xd8][0x81][0xc7][0x86]@[0xad]$x[0xe2][0xe7][0xe1][0xe6]RBt[0x11][\r][0xa8]bu[0xb8]L'!u[0x15]F[0x4][0xf5][0xb4][0x3]][0x81][0xba][0x92]@[0x1d]j[0x3][\n]"
[DEBUG]  << ":][0xb6]H&3[0xb8][\r][0xce][0xde]2[0xbd]1[0x85]L[[0x90]Pk[0xe][0xf1][0xd9]bG[0xa0][0xe0]q[0xe8]@[0x82][0xc1][0xf1][0xe9]CZ[0x81][0x4]|[0xc7][0x88][0xc][\n]"
[DEBUG]  << "[0xda][0x18]}Py[0xfe][0xff]E[0xb9][0xee][0x9a][0xbc][0xc6][0x92]B~u[0xae];l({[0xf1][\r][0xec][0xe5]@[0xb9][0x1e])F[0xdb]*[0xe0]GV[0x13]7[0xfd]I[0xcc][0xc3]PN0[0xbf][0xe][0xbb][0xa5][0x9c][0xeb][0x19][0xce][0xcd][0xc8][0x89]n[0xa3]1duo_[0xe9]8[0xe5]O[0xaa][0xa6][0x92][0xaf][0xcd]R[0xc6][0xcd][0xc][0xa3][0xb8][0x18][0x1d][0x9b][0xf]v6[0xab]5[0x99]*[0x1c]w[0xdc]}USF[0xda],u[0x14][0x17]s[0x90]b[0x84]4[0xe4][0xb8][0xa1][0x8c][0xaa]-[0xf2])[0xca][0xef][0xd4]M,?[0x87][0xd5]bL1[0x87]Y[0x8d][0x18][0xc6][0xb2]%[0x93][0xb5]nK[0xc6][0x1c][0xb7][0xac]S6[0xb1][0xdc][0xa7][0xd1]b[0xca][0xea];[0xe5][0xaf][0x84][0xd0]{[0xef]8[0x82][0xda]A[0xcf]fv[0xfd][0xe3][0xd0][0x9c][0xb7][0x84][0x95][0xb6][\r]H[0x88][0xf4]/[0xa6][0xff]E[0xbc][0x12]y[0xb1][0xa6][0xb7]5[0x5]Q3[0x91][0x14][0xa5][0xb3][0x91][0xf5][0xa6][0x8f][0xda][0xd9] [0xa2]K[0x9f]J[0x4][0xe2]wbQ[0xba][0x10][0x83]@&[0x81][0xde]3[0x95][0x1a]#Ug[0xb0][0xdf][0x2][0xf6][0x16][0x88]W[0x6][0x4][0x0][0x0]"
[DEBUG]  << "[\r][\n]"
[DEBUG]  << "0[\r][\n]"
[DEBUG]  << "[\r][\n]"
[DEBUG] Parsed data to instance of: class org.apache.http.conn.EofSensorInputStream
[DEBUG] Releasing connection org.apache.http.impl.conn.ManagedClientConnectionImpl@3c291aad
[DEBUG] Connection can be kept alive indefinitely
{"page":2,"per_page":6,"total":12,"total_pages":2,"data":[{"id":7,"email":"michael.lawson@reqres.in","first_name":"Michael","last_name":"Lawson","avatar":"https://reqres.in/img/faces/7-image.jpg"},{"id":8,"email":"lindsay.ferguson@reqres.in","first_name":"Lindsay","last_name":"Ferguson","avatar":"https://reqres.in/img/faces/8-image.jpg"},{"id":9,"email":"tobias.funke@reqres.in","first_name":"Tobias","last_name":"Funke","avatar":"https://reqres.in/img/faces/9-image.jpg"},{"id":10,"email":"byron.fields@reqres.in","first_name":"Byron","last_name":"Fields","avatar":"https://reqres.in/img/faces/10-image.jpg"},{"id":11,"email":"george.edwards@reqres.in","first_name":"George","last_name":"Edwards","avatar":"https://reqres.in/img/faces/11-image.jpg"},{"id":12,"email":"rachel.howell@reqres.in","first_name":"Rachel","last_name":"Howell","avatar":"https://reqres.in/img/faces/12-image.jpg"}],"support":{"url":"https://reqres.in/#support-heading","text":"To keep ReqRes free, contributions towards server costs are appreciated!"}}
{
    "page": 2,
    "per_page": 6,
    "total": 12,
    "total_pages": 2,
    "data": [
        {
            "id": 7,
            "email": "michael.lawson@reqres.in",
            "first_name": "Michael",
            "last_name": "Lawson",
            "avatar": "https://reqres.in/img/faces/7-image.jpg"
        },
        {
            "id": 8,
            "email": "lindsay.ferguson@reqres.in",
            "first_name": "Lindsay",
            "last_name": "Ferguson",
            "avatar": "https://reqres.in/img/faces/8-image.jpg"
        },
        {
            "id": 9,
            "email": "tobias.funke@reqres.in",
            "first_name": "Tobias",
            "last_name": "Funke",
            "avatar": "https://reqres.in/img/faces/9-image.jpg"
        },
        {
            "id": 10,
            "email": "byron.fields@reqres.in",
            "first_name": "Byron",
            "last_name": "Fields",
            "avatar": "https://reqres.in/img/faces/10-image.jpg"
        },
        {
            "id": 11,
            "email": "george.edwards@reqres.in",
            "first_name": "George",
            "last_name": "Edwards",
            "avatar": "https://reqres.in/img/faces/11-image.jpg"
        },
        {
            "id": 12,
            "email": "rachel.howell@reqres.in",
            "first_name": "Rachel",
            "last_name": "Howell",
            "avatar": "https://reqres.in/img/faces/12-image.jpg"
        }
    ],
    "support": {
        "url": "https://reqres.in/#support-heading",
        "text": "To keep ReqRes free, contributions towards server costs are appreciated!"
    }
}
]]></system-out>
  </testcase>
  <testcase name="verifyStatusCode" classname="restAssured.TC_01_ListUsers" time="0.001">
    <system-out><![CDATA[Status Code is 200
]]></system-out>
  </testcase>
  <testcase name="verifyContentType" classname="restAssured.TC_01_ListUsers" time="0.001">
    <system-out><![CDATA[Content type is application/json; charset=utf-8
]]></system-out>
  </testcase>
  <testcase name="verifyTransferEncoding" classname="restAssured.TC_01_ListUsers" time="0.001">
    <system-out><![CDATA[Transfer Encoding is chunked
]]></system-out>
  </testcase>
</testsuite>