<?xml version="1.0" encoding="UTF-8"?>
<testng-results skipped="0" failed="0" total="1" passed="1">
  <reporter-output>
  </reporter-output>
  <suite name="Default suite" duration-ms="5481" started-at="2022-11-14T05:15:31Z" finished-at="2022-11-14T05:15:36Z">
    <groups>
    </groups>
    <test name="Default test" duration-ms="5481" started-at="2022-11-14T05:15:31Z" finished-at="2022-11-14T05:15:36Z">
      <class name="restAssured.TC_07_GitHub_Ex5">
        <test-method status="PASS" signature="createUser()[pri:0, instance:restAssured.TC_07_GitHub_Ex5@783e6358]" name="createUser" duration-ms="5442" started-at="2022-11-13T21:15:31Z" finished-at="2022-11-13T21:15:36Z">
          <reporter-output>
          </reporter-output>
        </test-method> <!-- createUser -->
      </class> <!-- restAssured.TC_07_GitHub_Ex5 -->
    </test> <!-- Default test -->
  </suite> <!-- Default suite -->
</testng-results>
